[2026-01-02T22:15:10.980Z] Receipt ID: 7
Error: 7 PERMISSION_DENIED: This API method requires billing to be enabled. Please enable billing on project #700342514386 by visiting https://console.developers.google.com/billing/enable?project=700342514386 then retry. If you enabled billing for this project recently, wait a few minutes for the action to propagate to our systems and retry.
Stack: Error: 7 PERMISSION_DENIED: This API method requires billing to be enabled. Please enable billing on project #700342514386 by visiting https://console.developers.google.com/billing/enable?project=700342514386 then retry. If you enabled billing for this project recently, wait a few minutes for the action to propagate to our systems and retry.
    at callErrorFromStatus (/app/node_modules/@grpc/grpc-js/build/src/call.js:32:19)
    at Object.onReceiveStatus (/app/node_modules/@grpc/grpc-js/build/src/client.js:193:76)
    at Object.onReceiveStatus (/app/node_modules/@grpc/grpc-js/build/src/client-interceptors.js:367:141)
    at Object.onReceiveStatus (/app/node_modules/@grpc/grpc-js/build/src/client-interceptors.js:327:181)
    at /app/node_modules/@grpc/grpc-js/build/src/resolving-call.js:135:78
    at process.processTicksAndRejections (node:internal/process/task_queues:85:11)
for call at
    at ServiceClientImpl.makeUnaryRequest (/app/node_modules/@grpc/grpc-js/build/src/client.js:161:32)
    at ServiceClientImpl.<anonymous> (/app/node_modules/@grpc/grpc-js/build/src/make-client.js:105:19)
    at /app/node_modules/@google-cloud/vision/build/src/v1/image_annotator_client.js:232:29
    at /app/node_modules/google-gax/build/src/normalCalls/timeout.js:44:16
    at repeat (/app/node_modules/google-gax/build/src/normalCalls/retries.js:114:25)
    at /app/node_modules/google-gax/build/src/normalCalls/retries.js:156:13
    at OngoingCall.call (/app/node_modules/google-gax/build/src/call.js:70:27)
    at NormalApiCaller.call (/app/node_modules/google-gax/build/src/normalCalls/normalApiCaller.js:34:19)
    at /app/node_modules/google-gax/build/src/createApiCall.js:110:30
    at process.processTicksAndRejections (node:internal/process/task_queues:105:5)
Details: "This API method requires billing to be enabled. Please enable billing on project #700342514386 by visiting https://console.developers.google.com/billing/enable?project=700342514386 then retry. If you enabled billing for this project recently, wait a few minutes for the action to propagate to our systems and retry."

[2026-01-02T22:15:12.334Z] Receipt ID: 7
Error: 7 PERMISSION_DENIED: This API method requires billing to be enabled. Please enable billing on project #700342514386 by visiting https://console.developers.google.com/billing/enable?project=700342514386 then retry. If you enabled billing for this project recently, wait a few minutes for the action to propagate to our systems and retry.
Stack: Error: 7 PERMISSION_DENIED: This API method requires billing to be enabled. Please enable billing on project #700342514386 by visiting https://console.developers.google.com/billing/enable?project=700342514386 then retry. If you enabled billing for this project recently, wait a few minutes for the action to propagate to our systems and retry.
    at callErrorFromStatus (/app/node_modules/@grpc/grpc-js/build/src/call.js:32:19)
    at Object.onReceiveStatus (/app/node_modules/@grpc/grpc-js/build/src/client.js:193:76)
    at Object.onReceiveStatus (/app/node_modules/@grpc/grpc-js/build/src/client-interceptors.js:367:141)
    at Object.onReceiveStatus (/app/node_modules/@grpc/grpc-js/build/src/client-interceptors.js:327:181)
    at /app/node_modules/@grpc/grpc-js/build/src/resolving-call.js:135:78
    at process.processTicksAndRejections (node:internal/process/task_queues:85:11)
for call at
    at ServiceClientImpl.makeUnaryRequest (/app/node_modules/@grpc/grpc-js/build/src/client.js:161:32)
    at ServiceClientImpl.<anonymous> (/app/node_modules/@grpc/grpc-js/build/src/make-client.js:105:19)
    at /app/node_modules/@google-cloud/vision/build/src/v1/image_annotator_client.js:232:29
    at /app/node_modules/google-gax/build/src/normalCalls/timeout.js:44:16
    at repeat (/app/node_modules/google-gax/build/src/normalCalls/retries.js:114:25)
    at /app/node_modules/google-gax/build/src/normalCalls/retries.js:156:13
    at OngoingCall.call (/app/node_modules/google-gax/build/src/call.js:70:27)
    at NormalApiCaller.call (/app/node_modules/google-gax/build/src/normalCalls/normalApiCaller.js:34:19)
    at /app/node_modules/google-gax/build/src/createApiCall.js:110:30
    at process.processTicksAndRejections (node:internal/process/task_queues:105:5)
Details: "This API method requires billing to be enabled. Please enable billing on project #700342514386 by visiting https://console.developers.google.com/billing/enable?project=700342514386 then retry. If you enabled billing for this project recently, wait a few minutes for the action to propagate to our systems and retry."

[2026-01-02T22:15:14.724Z] Receipt ID: 7
Error: 7 PERMISSION_DENIED: This API method requires billing to be enabled. Please enable billing on project #700342514386 by visiting https://console.developers.google.com/billing/enable?project=700342514386 then retry. If you enabled billing for this project recently, wait a few minutes for the action to propagate to our systems and retry.
Stack: Error: 7 PERMISSION_DENIED: This API method requires billing to be enabled. Please enable billing on project #700342514386 by visiting https://console.developers.google.com/billing/enable?project=700342514386 then retry. If you enabled billing for this project recently, wait a few minutes for the action to propagate to our systems and retry.
    at callErrorFromStatus (/app/node_modules/@grpc/grpc-js/build/src/call.js:32:19)
    at Object.onReceiveStatus (/app/node_modules/@grpc/grpc-js/build/src/client.js:193:76)
    at Object.onReceiveStatus (/app/node_modules/@grpc/grpc-js/build/src/client-interceptors.js:367:141)
    at Object.onReceiveStatus (/app/node_modules/@grpc/grpc-js/build/src/client-interceptors.js:327:181)
    at /app/node_modules/@grpc/grpc-js/build/src/resolving-call.js:135:78
    at process.processTicksAndRejections (node:internal/process/task_queues:85:11)
for call at
    at ServiceClientImpl.makeUnaryRequest (/app/node_modules/@grpc/grpc-js/build/src/client.js:161:32)
    at ServiceClientImpl.<anonymous> (/app/node_modules/@grpc/grpc-js/build/src/make-client.js:105:19)
    at /app/node_modules/@google-cloud/vision/build/src/v1/image_annotator_client.js:232:29
    at /app/node_modules/google-gax/build/src/normalCalls/timeout.js:44:16
    at repeat (/app/node_modules/google-gax/build/src/normalCalls/retries.js:114:25)
    at /app/node_modules/google-gax/build/src/normalCalls/retries.js:156:13
    at OngoingCall.call (/app/node_modules/google-gax/build/src/call.js:70:27)
    at NormalApiCaller.call (/app/node_modules/google-gax/build/src/normalCalls/normalApiCaller.js:34:19)
    at /app/node_modules/google-gax/build/src/createApiCall.js:110:30
    at process.processTicksAndRejections (node:internal/process/task_queues:105:5)
Details: "This API method requires billing to be enabled. Please enable billing on project #700342514386 by visiting https://console.developers.google.com/billing/enable?project=700342514386 then retry. If you enabled billing for this project recently, wait a few minutes for the action to propagate to our systems and retry."

[2026-01-02T22:16:00.077Z] Receipt ID: 8
Error: 7 PERMISSION_DENIED: This API method requires billing to be enabled. Please enable billing on project #700342514386 by visiting https://console.developers.google.com/billing/enable?project=700342514386 then retry. If you enabled billing for this project recently, wait a few minutes for the action to propagate to our systems and retry.
Stack: Error: 7 PERMISSION_DENIED: This API method requires billing to be enabled. Please enable billing on project #700342514386 by visiting https://console.developers.google.com/billing/enable?project=700342514386 then retry. If you enabled billing for this project recently, wait a few minutes for the action to propagate to our systems and retry.
    at callErrorFromStatus (/app/node_modules/@grpc/grpc-js/build/src/call.js:32:19)
    at Object.onReceiveStatus (/app/node_modules/@grpc/grpc-js/build/src/client.js:193:76)
    at Object.onReceiveStatus (/app/node_modules/@grpc/grpc-js/build/src/client-interceptors.js:367:141)
    at Object.onReceiveStatus (/app/node_modules/@grpc/grpc-js/build/src/client-interceptors.js:327:181)
    at /app/node_modules/@grpc/grpc-js/build/src/resolving-call.js:135:78
    at process.processTicksAndRejections (node:internal/process/task_queues:85:11)
for call at
    at ServiceClientImpl.makeUnaryRequest (/app/node_modules/@grpc/grpc-js/build/src/client.js:161:32)
    at ServiceClientImpl.<anonymous> (/app/node_modules/@grpc/grpc-js/build/src/make-client.js:105:19)
    at /app/node_modules/@google-cloud/vision/build/src/v1/image_annotator_client.js:232:29
    at /app/node_modules/google-gax/build/src/normalCalls/timeout.js:44:16
    at repeat (/app/node_modules/google-gax/build/src/normalCalls/retries.js:114:25)
    at /app/node_modules/google-gax/build/src/normalCalls/retries.js:156:13
    at OngoingCall.call (/app/node_modules/google-gax/build/src/call.js:70:27)
    at NormalApiCaller.call (/app/node_modules/google-gax/build/src/normalCalls/normalApiCaller.js:34:19)
    at /app/node_modules/google-gax/build/src/createApiCall.js:110:30
    at process.processTicksAndRejections (node:internal/process/task_queues:105:5)
Details: "This API method requires billing to be enabled. Please enable billing on project #700342514386 by visiting https://console.developers.google.com/billing/enable?project=700342514386 then retry. If you enabled billing for this project recently, wait a few minutes for the action to propagate to our systems and retry."

[2026-01-02T22:16:01.351Z] Receipt ID: 8
Error: 7 PERMISSION_DENIED: This API method requires billing to be enabled. Please enable billing on project #700342514386 by visiting https://console.developers.google.com/billing/enable?project=700342514386 then retry. If you enabled billing for this project recently, wait a few minutes for the action to propagate to our systems and retry.
Stack: Error: 7 PERMISSION_DENIED: This API method requires billing to be enabled. Please enable billing on project #700342514386 by visiting https://console.developers.google.com/billing/enable?project=700342514386 then retry. If you enabled billing for this project recently, wait a few minutes for the action to propagate to our systems and retry.
    at callErrorFromStatus (/app/node_modules/@grpc/grpc-js/build/src/call.js:32:19)
    at Object.onReceiveStatus (/app/node_modules/@grpc/grpc-js/build/src/client.js:193:76)
    at Object.onReceiveStatus (/app/node_modules/@grpc/grpc-js/build/src/client-interceptors.js:367:141)
    at Object.onReceiveStatus (/app/node_modules/@grpc/grpc-js/build/src/client-interceptors.js:327:181)
    at /app/node_modules/@grpc/grpc-js/build/src/resolving-call.js:135:78
    at process.processTicksAndRejections (node:internal/process/task_queues:85:11)
for call at
    at ServiceClientImpl.makeUnaryRequest (/app/node_modules/@grpc/grpc-js/build/src/client.js:161:32)
    at ServiceClientImpl.<anonymous> (/app/node_modules/@grpc/grpc-js/build/src/make-client.js:105:19)
    at /app/node_modules/@google-cloud/vision/build/src/v1/image_annotator_client.js:232:29
    at /app/node_modules/google-gax/build/src/normalCalls/timeout.js:44:16
    at repeat (/app/node_modules/google-gax/build/src/normalCalls/retries.js:114:25)
    at /app/node_modules/google-gax/build/src/normalCalls/retries.js:156:13
    at OngoingCall.call (/app/node_modules/google-gax/build/src/call.js:70:27)
    at NormalApiCaller.call (/app/node_modules/google-gax/build/src/normalCalls/normalApiCaller.js:34:19)
    at /app/node_modules/google-gax/build/src/createApiCall.js:110:30
    at process.processTicksAndRejections (node:internal/process/task_queues:105:5)
Details: "This API method requires billing to be enabled. Please enable billing on project #700342514386 by visiting https://console.developers.google.com/billing/enable?project=700342514386 then retry. If you enabled billing for this project recently, wait a few minutes for the action to propagate to our systems and retry."

[2026-01-02T22:16:03.641Z] Receipt ID: 8
Error: 7 PERMISSION_DENIED: This API method requires billing to be enabled. Please enable billing on project #700342514386 by visiting https://console.developers.google.com/billing/enable?project=700342514386 then retry. If you enabled billing for this project recently, wait a few minutes for the action to propagate to our systems and retry.
Stack: Error: 7 PERMISSION_DENIED: This API method requires billing to be enabled. Please enable billing on project #700342514386 by visiting https://console.developers.google.com/billing/enable?project=700342514386 then retry. If you enabled billing for this project recently, wait a few minutes for the action to propagate to our systems and retry.
    at callErrorFromStatus (/app/node_modules/@grpc/grpc-js/build/src/call.js:32:19)
    at Object.onReceiveStatus (/app/node_modules/@grpc/grpc-js/build/src/client.js:193:76)
    at Object.onReceiveStatus (/app/node_modules/@grpc/grpc-js/build/src/client-interceptors.js:367:141)
    at Object.onReceiveStatus (/app/node_modules/@grpc/grpc-js/build/src/client-interceptors.js:327:181)
    at /app/node_modules/@grpc/grpc-js/build/src/resolving-call.js:135:78
    at process.processTicksAndRejections (node:internal/process/task_queues:85:11)
for call at
    at ServiceClientImpl.makeUnaryRequest (/app/node_modules/@grpc/grpc-js/build/src/client.js:161:32)
    at ServiceClientImpl.<anonymous> (/app/node_modules/@grpc/grpc-js/build/src/make-client.js:105:19)
    at /app/node_modules/@google-cloud/vision/build/src/v1/image_annotator_client.js:232:29
    at /app/node_modules/google-gax/build/src/normalCalls/timeout.js:44:16
    at repeat (/app/node_modules/google-gax/build/src/normalCalls/retries.js:114:25)
    at /app/node_modules/google-gax/build/src/normalCalls/retries.js:156:13
    at OngoingCall.call (/app/node_modules/google-gax/build/src/call.js:70:27)
    at NormalApiCaller.call (/app/node_modules/google-gax/build/src/normalCalls/normalApiCaller.js:34:19)
    at /app/node_modules/google-gax/build/src/createApiCall.js:110:30
    at process.processTicksAndRejections (node:internal/process/task_queues:105:5)
Details: "This API method requires billing to be enabled. Please enable billing on project #700342514386 by visiting https://console.developers.google.com/billing/enable?project=700342514386 then retry. If you enabled billing for this project recently, wait a few minutes for the action to propagate to our systems and retry."

[2026-01-03T19:22:08.217Z] Receipt ID: 9
Error: 7 PERMISSION_DENIED: This API method requires billing to be enabled. Please enable billing on project #700342514386 by visiting https://console.developers.google.com/billing/enable?project=700342514386 then retry. If you enabled billing for this project recently, wait a few minutes for the action to propagate to our systems and retry.
Stack: Error: 7 PERMISSION_DENIED: This API method requires billing to be enabled. Please enable billing on project #700342514386 by visiting https://console.developers.google.com/billing/enable?project=700342514386 then retry. If you enabled billing for this project recently, wait a few minutes for the action to propagate to our systems and retry.
    at callErrorFromStatus (/app/node_modules/@grpc/grpc-js/build/src/call.js:32:19)
    at Object.onReceiveStatus (/app/node_modules/@grpc/grpc-js/build/src/client.js:193:76)
    at Object.onReceiveStatus (/app/node_modules/@grpc/grpc-js/build/src/client-interceptors.js:367:141)
    at Object.onReceiveStatus (/app/node_modules/@grpc/grpc-js/build/src/client-interceptors.js:327:181)
    at /app/node_modules/@grpc/grpc-js/build/src/resolving-call.js:135:78
    at process.processTicksAndRejections (node:internal/process/task_queues:85:11)
for call at
    at ServiceClientImpl.makeUnaryRequest (/app/node_modules/@grpc/grpc-js/build/src/client.js:161:32)
    at ServiceClientImpl.<anonymous> (/app/node_modules/@grpc/grpc-js/build/src/make-client.js:105:19)
    at /app/node_modules/@google-cloud/vision/build/src/v1/image_annotator_client.js:232:29
    at /app/node_modules/google-gax/build/src/normalCalls/timeout.js:44:16
    at repeat (/app/node_modules/google-gax/build/src/normalCalls/retries.js:114:25)
    at /app/node_modules/google-gax/build/src/normalCalls/retries.js:156:13
    at OngoingCall.call (/app/node_modules/google-gax/build/src/call.js:70:27)
    at NormalApiCaller.call (/app/node_modules/google-gax/build/src/normalCalls/normalApiCaller.js:34:19)
    at /app/node_modules/google-gax/build/src/createApiCall.js:110:30
    at process.processTicksAndRejections (node:internal/process/task_queues:105:5)
Details: "This API method requires billing to be enabled. Please enable billing on project #700342514386 by visiting https://console.developers.google.com/billing/enable?project=700342514386 then retry. If you enabled billing for this project recently, wait a few minutes for the action to propagate to our systems and retry."

[2026-01-03T19:22:09.800Z] Receipt ID: 9
Error: 7 PERMISSION_DENIED: This API method requires billing to be enabled. Please enable billing on project #700342514386 by visiting https://console.developers.google.com/billing/enable?project=700342514386 then retry. If you enabled billing for this project recently, wait a few minutes for the action to propagate to our systems and retry.
Stack: Error: 7 PERMISSION_DENIED: This API method requires billing to be enabled. Please enable billing on project #700342514386 by visiting https://console.developers.google.com/billing/enable?project=700342514386 then retry. If you enabled billing for this project recently, wait a few minutes for the action to propagate to our systems and retry.
    at callErrorFromStatus (/app/node_modules/@grpc/grpc-js/build/src/call.js:32:19)
    at Object.onReceiveStatus (/app/node_modules/@grpc/grpc-js/build/src/client.js:193:76)
    at Object.onReceiveStatus (/app/node_modules/@grpc/grpc-js/build/src/client-interceptors.js:367:141)
    at Object.onReceiveStatus (/app/node_modules/@grpc/grpc-js/build/src/client-interceptors.js:327:181)
    at /app/node_modules/@grpc/grpc-js/build/src/resolving-call.js:135:78
    at process.processTicksAndRejections (node:internal/process/task_queues:85:11)
for call at
    at ServiceClientImpl.makeUnaryRequest (/app/node_modules/@grpc/grpc-js/build/src/client.js:161:32)
    at ServiceClientImpl.<anonymous> (/app/node_modules/@grpc/grpc-js/build/src/make-client.js:105:19)
    at /app/node_modules/@google-cloud/vision/build/src/v1/image_annotator_client.js:232:29
    at /app/node_modules/google-gax/build/src/normalCalls/timeout.js:44:16
    at repeat (/app/node_modules/google-gax/build/src/normalCalls/retries.js:114:25)
    at /app/node_modules/google-gax/build/src/normalCalls/retries.js:156:13
    at OngoingCall.call (/app/node_modules/google-gax/build/src/call.js:70:27)
    at NormalApiCaller.call (/app/node_modules/google-gax/build/src/normalCalls/normalApiCaller.js:34:19)
    at /app/node_modules/google-gax/build/src/createApiCall.js:110:30
    at process.processTicksAndRejections (node:internal/process/task_queues:105:5)
Details: "This API method requires billing to be enabled. Please enable billing on project #700342514386 by visiting https://console.developers.google.com/billing/enable?project=700342514386 then retry. If you enabled billing for this project recently, wait a few minutes for the action to propagate to our systems and retry."

[2026-01-03T19:22:12.269Z] Receipt ID: 9
Error: 7 PERMISSION_DENIED: This API method requires billing to be enabled. Please enable billing on project #700342514386 by visiting https://console.developers.google.com/billing/enable?project=700342514386 then retry. If you enabled billing for this project recently, wait a few minutes for the action to propagate to our systems and retry.
Stack: Error: 7 PERMISSION_DENIED: This API method requires billing to be enabled. Please enable billing on project #700342514386 by visiting https://console.developers.google.com/billing/enable?project=700342514386 then retry. If you enabled billing for this project recently, wait a few minutes for the action to propagate to our systems and retry.
    at callErrorFromStatus (/app/node_modules/@grpc/grpc-js/build/src/call.js:32:19)
    at Object.onReceiveStatus (/app/node_modules/@grpc/grpc-js/build/src/client.js:193:76)
    at Object.onReceiveStatus (/app/node_modules/@grpc/grpc-js/build/src/client-interceptors.js:367:141)
    at Object.onReceiveStatus (/app/node_modules/@grpc/grpc-js/build/src/client-interceptors.js:327:181)
    at /app/node_modules/@grpc/grpc-js/build/src/resolving-call.js:135:78
    at process.processTicksAndRejections (node:internal/process/task_queues:85:11)
for call at
    at ServiceClientImpl.makeUnaryRequest (/app/node_modules/@grpc/grpc-js/build/src/client.js:161:32)
    at ServiceClientImpl.<anonymous> (/app/node_modules/@grpc/grpc-js/build/src/make-client.js:105:19)
    at /app/node_modules/@google-cloud/vision/build/src/v1/image_annotator_client.js:232:29
    at /app/node_modules/google-gax/build/src/normalCalls/timeout.js:44:16
    at repeat (/app/node_modules/google-gax/build/src/normalCalls/retries.js:114:25)
    at /app/node_modules/google-gax/build/src/normalCalls/retries.js:156:13
    at OngoingCall.call (/app/node_modules/google-gax/build/src/call.js:70:27)
    at NormalApiCaller.call (/app/node_modules/google-gax/build/src/normalCalls/normalApiCaller.js:34:19)
    at /app/node_modules/google-gax/build/src/createApiCall.js:110:30
    at process.processTicksAndRejections (node:internal/process/task_queues:105:5)
Details: "This API method requires billing to be enabled. Please enable billing on project #700342514386 by visiting https://console.developers.google.com/billing/enable?project=700342514386 then retry. If you enabled billing for this project recently, wait a few minutes for the action to propagate to our systems and retry."

[2026-01-03T19:32:10.669Z] Receipt ID: 11
Error: 7 PERMISSION_DENIED: This API method requires billing to be enabled. Please enable billing on project #700342514386 by visiting https://console.developers.google.com/billing/enable?project=700342514386 then retry. If you enabled billing for this project recently, wait a few minutes for the action to propagate to our systems and retry.
Stack: Error: 7 PERMISSION_DENIED: This API method requires billing to be enabled. Please enable billing on project #700342514386 by visiting https://console.developers.google.com/billing/enable?project=700342514386 then retry. If you enabled billing for this project recently, wait a few minutes for the action to propagate to our systems and retry.
    at callErrorFromStatus (/app/node_modules/@grpc/grpc-js/build/src/call.js:32:19)
    at Object.onReceiveStatus (/app/node_modules/@grpc/grpc-js/build/src/client.js:193:76)
    at Object.onReceiveStatus (/app/node_modules/@grpc/grpc-js/build/src/client-interceptors.js:367:141)
    at Object.onReceiveStatus (/app/node_modules/@grpc/grpc-js/build/src/client-interceptors.js:327:181)
    at /app/node_modules/@grpc/grpc-js/build/src/resolving-call.js:135:78
    at process.processTicksAndRejections (node:internal/process/task_queues:85:11)
for call at
    at ServiceClientImpl.makeUnaryRequest (/app/node_modules/@grpc/grpc-js/build/src/client.js:161:32)
    at ServiceClientImpl.<anonymous> (/app/node_modules/@grpc/grpc-js/build/src/make-client.js:105:19)
    at /app/node_modules/@google-cloud/vision/build/src/v1/image_annotator_client.js:232:29
    at /app/node_modules/google-gax/build/src/normalCalls/timeout.js:44:16
    at repeat (/app/node_modules/google-gax/build/src/normalCalls/retries.js:114:25)
    at /app/node_modules/google-gax/build/src/normalCalls/retries.js:156:13
    at OngoingCall.call (/app/node_modules/google-gax/build/src/call.js:70:27)
    at NormalApiCaller.call (/app/node_modules/google-gax/build/src/normalCalls/normalApiCaller.js:34:19)
    at /app/node_modules/google-gax/build/src/createApiCall.js:110:30
    at process.processTicksAndRejections (node:internal/process/task_queues:105:5)
Details: "This API method requires billing to be enabled. Please enable billing on project #700342514386 by visiting https://console.developers.google.com/billing/enable?project=700342514386 then retry. If you enabled billing for this project recently, wait a few minutes for the action to propagate to our systems and retry."

